INFO:root:ARGS: {'datadir': 'tests/processed_data/sparse_mini', 'modeldir': 'tests/models', 'outdir': 'tests/results', 'resname': 'dplosstest', 'norm': False, 'batchsize': '10', 'batchlength': '128', 'numembed': '1024', 'embeddim': '128', 'lossfunc': 'dyn', 'quant': True, 'loglevel': 'INFO', 'sparse': True}
INFO:root:Model will be saved to: tests/models/model_dplosstest-2022-03-28-6.pt
INFO:root:Device: cpu
INFO:root:NEW MAX BATCH SIZE: 9306112
INFO:root:MIDI VECTOR QUANTIZER FORWARD PASS
INFO:root:tensor([[[-9.0706e-04, -4.7622e-04, -7.4672e-05,  ...,  5.9727e-04,
          -3.8066e-05, -8.7389e-04],
         [-9.0706e-04, -4.7622e-04, -7.4672e-05,  ...,  5.9727e-04,
          -3.8066e-05, -8.7389e-04],
         [-9.0706e-04, -4.7622e-04, -7.4672e-05,  ...,  5.9727e-04,
          -3.8066e-05, -8.7389e-04],
         ...,
         [-9.0706e-04, -4.7622e-04, -7.4672e-05,  ...,  5.9727e-04,
          -3.8066e-05, -8.7389e-04],
         [-9.0706e-04, -4.7622e-04, -7.4672e-05,  ...,  5.9727e-04,
          -3.8066e-05, -8.7389e-04],
         [-9.0706e-04, -4.7622e-04, -7.4672e-05,  ...,  5.9727e-04,
          -3.8066e-05, -8.7389e-04]],

        [[-9.0706e-04, -4.7622e-04, -7.4672e-05,  ...,  5.9727e-04,
          -3.8066e-05, -8.7389e-04],
         [-9.0706e-04, -4.7622e-04, -7.4672e-05,  ...,  5.9727e-04,
          -3.8066e-05, -8.7389e-04],
         [-9.0706e-04, -4.7622e-04, -7.4672e-05,  ...,  5.9727e-04,
          -3.8066e-05, -8.7389e-04],
         ...,
         [-9.0706e-04, -4.7622e-04, -7.4672e-05,  ...,  5.9727e-04,
          -3.8066e-05, -8.7389e-04],
         [-9.0706e-04, -4.7622e-04, -7.4672e-05,  ...,  5.9727e-04,
          -3.8066e-05, -8.7389e-04],
         [-9.0706e-04, -4.7622e-04, -7.4672e-05,  ...,  5.9727e-04,
          -3.8066e-05, -8.7389e-04]],

        [[-9.0706e-04, -4.7622e-04, -7.4672e-05,  ...,  5.9727e-04,
          -3.8066e-05, -8.7389e-04],
         [-9.0706e-04, -4.7622e-04, -7.4672e-05,  ...,  5.9727e-04,
          -3.8066e-05, -8.7389e-04],
         [-9.0706e-04, -4.7622e-04, -7.4672e-05,  ...,  5.9727e-04,
          -3.8066e-05, -8.7389e-04],
         ...,
         [-9.0706e-04, -4.7622e-04, -7.4672e-05,  ...,  5.9727e-04,
          -3.8066e-05, -8.7389e-04],
         [-9.0706e-04, -4.7622e-04, -7.4672e-05,  ...,  5.9727e-04,
          -3.8066e-05, -8.7389e-04],
         [-9.0706e-04, -4.7622e-04, -7.4672e-05,  ...,  5.9727e-04,
          -3.8066e-05, -8.7389e-04]],

        ...,

        [[-9.0706e-04, -4.7622e-04, -7.4672e-05,  ...,  5.9727e-04,
          -3.8066e-05, -8.7389e-04],
         [-9.0706e-04, -4.7622e-04, -7.4672e-05,  ...,  5.9727e-04,
          -3.8066e-05, -8.7389e-04],
         [-9.0706e-04, -4.7622e-04, -7.4672e-05,  ...,  5.9727e-04,
          -3.8066e-05, -8.7389e-04],
         ...,
         [-9.0706e-04, -4.7622e-04, -7.4672e-05,  ...,  5.9727e-04,
          -3.8066e-05, -8.7389e-04],
         [-9.0706e-04, -4.7622e-04, -7.4672e-05,  ...,  5.9727e-04,
          -3.8066e-05, -8.7389e-04],
         [-9.0706e-04, -4.7622e-04, -7.4672e-05,  ...,  5.9727e-04,
          -3.8066e-05, -8.7389e-04]],

        [[-9.0706e-04, -4.7622e-04, -7.4672e-05,  ...,  5.9727e-04,
          -3.8066e-05, -8.7389e-04],
         [-9.0706e-04, -4.7622e-04, -7.4672e-05,  ...,  5.9727e-04,
          -3.8066e-05, -8.7389e-04],
         [-9.0706e-04, -4.7622e-04, -7.4672e-05,  ...,  5.9727e-04,
          -3.8066e-05, -8.7389e-04],
         ...,
         [-9.0706e-04, -4.7622e-04, -7.4672e-05,  ...,  5.9727e-04,
          -3.8066e-05, -8.7389e-04],
         [-9.0706e-04, -4.7622e-04, -7.4672e-05,  ...,  5.9727e-04,
          -3.8066e-05, -8.7389e-04],
         [-9.0706e-04, -4.7622e-04, -7.4672e-05,  ...,  5.9727e-04,
          -3.8066e-05, -8.7389e-04]],

        [[-9.0706e-04, -4.7622e-04, -7.4672e-05,  ...,  5.9727e-04,
          -3.8066e-05, -8.7389e-04],
         [-6.0012e-04, -8.6436e-04,  1.5074e-05,  ..., -3.6981e-04,
          -1.3762e-04, -5.4672e-04],
         [-9.0706e-04, -4.7622e-04, -7.4672e-05,  ...,  5.9727e-04,
          -3.8066e-05, -8.7389e-04],
         ...,
         [-9.0706e-04, -4.7622e-04, -7.4672e-05,  ...,  5.9727e-04,
          -3.8066e-05, -8.7389e-04],
         [-9.0706e-04, -4.7622e-04, -7.4672e-05,  ...,  5.9727e-04,
          -3.8066e-05, -8.7389e-04],
         [-9.0706e-04, -4.7622e-04, -7.4672e-05,  ...,  5.9727e-04,
          -3.8066e-05, -8.7389e-04]]], grad_fn=<ViewBackward0>)torch.Size([568, 27, 128])
