INFO:root:ARGS: {'datadir': 'tests/processed_data/sparse_mini', 'modeldir': 'tests/models', 'outdir': 'tests/results', 'resname': 'dplosstest', 'norm': False, 'batchsize': '10', 'batchlength': '128', 'numembed': '1024', 'embeddim': '36', 'lossfunc': 'dyn', 'quant': True, 'loglevel': 'INFO', 'sparse': True}
INFO:root:Model will be saved to: tests/models/model_dplosstest-2022-03-23-1.pt
INFO:root:Device: cpu
INFO:root:NEW MAX BATCH SIZE: 11894784
INFO:root:MIDI VECTOR QUANTIZER FORWARD PASS
INFO:root:tensor([[[ 4.8461e-04, -4.7092e-04,  2.9102e-05,  ...,  7.0194e-04,
           9.0053e-05,  8.6987e-04],
         [-2.3034e-04,  8.8865e-04,  4.3640e-04,  ..., -4.7092e-04,
           2.9102e-05,  3.3249e-04],
         [ 5.1246e-04, -1.2448e-04,  7.5121e-04,  ...,  8.8865e-04,
           4.3640e-04,  5.2465e-04],
         ...,
         [ 3.3311e-04,  2.4280e-04,  2.2776e-04,  ...,  9.3768e-04,
           2.7623e-04, -3.3518e-04],
         [ 7.8858e-04,  1.2264e-04,  5.6439e-04,  ...,  2.4280e-04,
           2.2776e-04,  5.9285e-04],
         [ 5.5235e-04,  7.0194e-04,  9.0053e-05,  ...,  1.2264e-04,
           5.6439e-04,  8.8634e-04]],

        [[ 4.8461e-04, -4.7092e-04,  2.9102e-05,  ...,  7.0194e-04,
           9.0053e-05,  8.6987e-04],
         [-2.3034e-04,  8.8865e-04,  4.3640e-04,  ..., -4.7092e-04,
           2.9102e-05,  3.3249e-04],
         [ 5.1246e-04, -1.2448e-04,  7.5121e-04,  ...,  8.8865e-04,
           4.3640e-04,  5.2465e-04],
         ...,
         [ 3.3311e-04,  2.4280e-04,  2.2776e-04,  ...,  9.3768e-04,
           2.7623e-04, -3.3518e-04],
         [ 7.8858e-04,  1.2264e-04,  5.6439e-04,  ...,  2.4280e-04,
           2.2776e-04,  5.9285e-04],
         [ 5.5235e-04,  7.0194e-04,  9.0053e-05,  ...,  1.2264e-04,
           5.6439e-04,  8.8634e-04]],

        [[ 4.8461e-04, -4.7092e-04,  2.9102e-05,  ...,  7.0194e-04,
           9.0053e-05,  8.6987e-04],
         [-2.3034e-04,  8.8865e-04,  4.3640e-04,  ..., -4.7092e-04,
           2.9102e-05,  3.3249e-04],
         [ 5.1246e-04, -1.2448e-04,  7.5121e-04,  ...,  8.8865e-04,
           4.3640e-04,  5.2465e-04],
         ...,
         [ 3.3311e-04,  2.4280e-04,  2.2776e-04,  ...,  9.3768e-04,
           2.7623e-04, -3.3518e-04],
         [ 7.8858e-04,  1.2264e-04,  5.6439e-04,  ...,  2.4280e-04,
           2.2776e-04,  5.9285e-04],
         [ 5.5235e-04,  7.0194e-04,  9.0053e-05,  ...,  1.2264e-04,
           5.6439e-04,  8.8634e-04]],

        ...,

        [[ 4.8461e-04, -4.7092e-04,  2.9102e-05,  ...,  7.0194e-04,
           9.0053e-05,  8.6987e-04],
         [-2.3034e-04,  8.8865e-04,  4.3640e-04,  ..., -4.7092e-04,
           2.9102e-05,  3.3249e-04],
         [ 5.1246e-04, -1.2448e-04,  7.5121e-04,  ...,  8.8865e-04,
           4.3640e-04,  5.2465e-04],
         ...,
         [ 3.3311e-04,  2.4280e-04,  2.2776e-04,  ...,  9.3768e-04,
           2.7623e-04, -3.3518e-04],
         [ 7.8858e-04,  1.2264e-04,  5.6439e-04,  ...,  2.4280e-04,
           2.2776e-04,  5.9285e-04],
         [ 5.5235e-04,  7.0194e-04,  9.0053e-05,  ...,  1.2264e-04,
           5.6439e-04,  8.8634e-04]],

        [[ 4.8461e-04, -4.7092e-04,  2.9102e-05,  ...,  7.0194e-04,
           9.0053e-05,  8.6987e-04],
         [-2.3034e-04,  8.8865e-04,  4.3640e-04,  ..., -2.3831e-04,
          -5.8685e-04,  9.3564e-04],
         [ 6.6602e-04, -8.8867e-04,  6.5697e-05,  ...,  7.7030e-04,
           7.1263e-04, -5.1021e-04],
         ...,
         [-1.0008e-04, -6.5469e-04,  7.7997e-04,  ...,  9.3768e-04,
           2.7623e-04, -3.3518e-04],
         [ 7.8858e-04,  1.2264e-04,  5.6439e-04,  ...,  1.4684e-04,
          -1.3145e-04,  8.6854e-04],
         [ 5.8147e-04,  7.2377e-04, -3.1219e-04,  ...,  1.2264e-04,
           5.6439e-04,  8.8634e-04]],

        [[ 4.8461e-04, -4.7092e-04,  2.9102e-05,  ...,  7.0194e-04,
           9.0053e-05,  8.6987e-04],
         [-2.3034e-04,  8.8865e-04,  4.3640e-04,  ..., -4.7092e-04,
           2.9102e-05,  3.3249e-04],
         [ 5.1246e-04, -1.2448e-04,  7.5121e-04,  ...,  8.8865e-04,
           4.3640e-04,  5.2465e-04],
         ...,
         [ 3.3311e-04,  2.4280e-04,  2.2776e-04,  ...,  9.3768e-04,
           2.7623e-04, -3.3518e-04],
         [ 7.8858e-04,  1.2264e-04,  5.6439e-04,  ...,  2.4280e-04,
           2.2776e-04,  5.9285e-04],
         [ 5.5235e-04,  7.0194e-04,  9.0053e-05,  ...,  1.2264e-04,
           5.6439e-04,  8.8634e-04]]], grad_fn=<ViewBackward0>)torch.Size([726, 27, 128])
