INFO:root:ARGS: {'datadir': 'tests/processed_data/sparse_mini', 'modeldir': 'tests/models', 'outdir': 'tests/results', 'resname': 'dplosstest', 'norm': False, 'batchsize': '10', 'batchlength': '128', 'numembed': '1024', 'embeddim': '128', 'lossfunc': 'dyn', 'quant': True, 'loglevel': 'INFO', 'sparse': True}
INFO:root:Model will be saved to: tests/models/model_dplosstest-2022-03-28-8.pt
INFO:root:Device: cpu
INFO:root:NEW MAX BATCH SIZE: 11714560
INFO:root:MIDI VECTOR QUANTIZER FORWARD PASS
INFO:root:tensor([[[ 4.8974e-04,  3.0318e-04, -7.9047e-04,  ...,  5.6112e-04,
          -9.1538e-04, -5.8094e-04],
         [ 4.8974e-04,  3.0318e-04, -7.9047e-04,  ...,  5.6112e-04,
          -9.1538e-04, -5.8094e-04],
         [ 4.8974e-04,  3.0318e-04, -7.9047e-04,  ...,  5.6112e-04,
          -9.1538e-04, -5.8094e-04],
         ...,
         [ 4.8974e-04,  3.0318e-04, -7.9047e-04,  ...,  5.6112e-04,
          -9.1538e-04, -5.8094e-04],
         [ 4.8974e-04,  3.0318e-04, -7.9047e-04,  ...,  5.6112e-04,
          -9.1538e-04, -5.8094e-04],
         [ 4.8974e-04,  3.0318e-04, -7.9047e-04,  ...,  5.6112e-04,
          -9.1538e-04, -5.8094e-04]],

        [[ 5.5264e-04, -5.4902e-04,  8.0364e-04,  ...,  2.6984e-04,
          -6.8082e-04, -7.8870e-04],
         [-5.2352e-04,  6.6137e-04, -2.5894e-04,  ...,  4.7495e-04,
          -4.1321e-04, -5.5539e-04],
         [-7.6103e-04,  1.2269e-04, -5.0678e-04,  ...,  7.9368e-04,
           6.8191e-05,  6.7122e-04],
         ...,
         [ 5.5264e-04, -5.4902e-04,  8.0364e-04,  ...,  2.6984e-04,
          -6.8082e-04, -7.8870e-04],
         [-6.8752e-04, -4.9832e-04, -7.0326e-04,  ..., -3.7745e-06,
          -6.8050e-04, -9.0515e-04],
         [-7.3001e-04,  6.0115e-04,  2.5151e-04,  ...,  8.4487e-04,
           5.5170e-04,  8.1853e-04]],

        [[ 4.8974e-04,  3.0318e-04, -7.9047e-04,  ...,  5.6112e-04,
          -9.1538e-04, -5.8094e-04],
         [ 4.8974e-04,  3.0318e-04, -7.9047e-04,  ...,  5.6112e-04,
          -9.1538e-04, -5.8094e-04],
         [ 4.8974e-04,  3.0318e-04, -7.9047e-04,  ...,  5.6112e-04,
          -9.1538e-04, -5.8094e-04],
         ...,
         [ 4.8974e-04,  3.0318e-04, -7.9047e-04,  ...,  5.6112e-04,
          -9.1538e-04, -5.8094e-04],
         [ 4.8974e-04,  3.0318e-04, -7.9047e-04,  ...,  5.6112e-04,
          -9.1538e-04, -5.8094e-04],
         [ 4.8974e-04,  3.0318e-04, -7.9047e-04,  ...,  5.6112e-04,
          -9.1538e-04, -5.8094e-04]],

        ...,

        [[ 4.8974e-04,  3.0318e-04, -7.9047e-04,  ...,  5.6112e-04,
          -9.1538e-04, -5.8094e-04],
         [ 4.8974e-04,  3.0318e-04, -7.9047e-04,  ...,  5.6112e-04,
          -9.1538e-04, -5.8094e-04],
         [ 4.8974e-04,  3.0318e-04, -7.9047e-04,  ...,  5.6112e-04,
          -9.1538e-04, -5.8094e-04],
         ...,
         [ 4.8974e-04,  3.0318e-04, -7.9047e-04,  ...,  5.6112e-04,
          -9.1538e-04, -5.8094e-04],
         [ 4.8974e-04,  3.0318e-04, -7.9047e-04,  ...,  5.6112e-04,
          -9.1538e-04, -5.8094e-04],
         [ 4.8974e-04,  3.0318e-04, -7.9047e-04,  ...,  5.6112e-04,
          -9.1538e-04, -5.8094e-04]],

        [[ 4.8974e-04,  3.0318e-04, -7.9047e-04,  ...,  5.6112e-04,
          -9.1538e-04, -5.8094e-04],
         [ 4.8974e-04,  3.0318e-04, -7.9047e-04,  ...,  5.6112e-04,
          -9.1538e-04, -5.8094e-04],
         [ 4.8974e-04,  3.0318e-04, -7.9047e-04,  ...,  5.6112e-04,
          -9.1538e-04, -5.8094e-04],
         ...,
         [ 4.8974e-04,  3.0318e-04, -7.9047e-04,  ...,  5.6112e-04,
          -9.1538e-04, -5.8094e-04],
         [ 4.8974e-04,  3.0318e-04, -7.9047e-04,  ...,  5.6112e-04,
          -9.1538e-04, -5.8094e-04],
         [ 4.8974e-04,  3.0318e-04, -7.9047e-04,  ...,  5.6112e-04,
          -9.1538e-04, -5.8094e-04]],

        [[ 4.8974e-04,  3.0318e-04, -7.9047e-04,  ...,  5.6112e-04,
          -9.1538e-04, -5.8094e-04],
         [ 4.8974e-04,  3.0318e-04, -7.9047e-04,  ...,  5.6112e-04,
          -9.1538e-04, -5.8094e-04],
         [ 4.8974e-04,  3.0318e-04, -7.9047e-04,  ...,  5.6112e-04,
          -9.1538e-04, -5.8094e-04],
         ...,
         [ 4.8974e-04,  3.0318e-04, -7.9047e-04,  ...,  5.6112e-04,
          -9.1538e-04, -5.8094e-04],
         [ 4.8974e-04,  3.0318e-04, -7.9047e-04,  ...,  5.6112e-04,
          -9.1538e-04, -5.8094e-04],
         [ 4.8974e-04,  3.0318e-04, -7.9047e-04,  ...,  5.6112e-04,
          -9.1538e-04, -5.8094e-04]]], grad_fn=<ViewBackward0>)torch.Size([715, 27, 128])
