INFO:root:ARGS: {'datadir': 'tests/processed_data/sparse_mini', 'modeldir': 'tests/models', 'outdir': 'tests/results', 'resname': 'dplosstest_SMALL', 'norm': False, 'batchsize': '10', 'batchlength': '128', 'numembed': '1024', 'embeddim': '36', 'lossfunc': 'dyn', 'quant': True, 'loglevel': 'INFO', 'sparse': True}
INFO:root:Model will be saved to: tests/models/model_dplosstest_SMALL-2022-03-28-0.pt
INFO:root:Device: cpu
INFO:root:NEW MAX BATCH SIZE: 15040512
INFO:root:MIDI VECTOR QUANTIZER FORWARD PASS
INFO:root:tensor([[[-4.1151e-04,  1.2989e-04, -4.1051e-04,  ..., -2.0054e-04,
          -9.0992e-04, -4.4407e-04],
         [ 2.9057e-04,  1.0055e-04, -3.9134e-04,  ...,  1.2989e-04,
          -4.1051e-04,  2.8017e-04],
         [ 3.1895e-04, -5.5702e-04, -1.9716e-04,  ...,  1.0055e-04,
          -3.9134e-04, -4.3440e-04],
         ...,
         [-1.9256e-04, -8.1323e-04,  4.5484e-04,  ...,  3.2397e-04,
          -6.6141e-04, -6.7334e-04],
         [-2.8990e-04, -9.5217e-04, -6.5423e-04,  ..., -8.1323e-04,
           4.5484e-04,  5.5440e-04],
         [-7.3385e-04, -2.0054e-04, -9.0992e-04,  ..., -9.5217e-04,
          -6.5423e-04, -4.7201e-04]],

        [[-5.1807e-04,  1.7508e-04, -8.1756e-04,  ..., -2.0079e-04,
           1.3339e-04,  8.1570e-05],
         [-4.6694e-04, -2.2780e-04,  6.7532e-04,  ..., -3.3635e-04,
           4.0802e-04, -1.5055e-04],
         [ 5.7804e-04, -9.3489e-04, -9.3756e-04,  ...,  5.8445e-04,
          -1.9889e-04,  4.1918e-05],
         ...,
         [-1.9256e-04, -8.1323e-04,  4.5484e-04,  ...,  2.1026e-04,
          -6.7258e-04, -8.3018e-04],
         [-7.3273e-04, -7.0286e-04,  2.4706e-04,  ..., -8.1323e-04,
           4.5484e-04,  5.5440e-04],
         [-7.3385e-04, -2.0054e-04, -9.0992e-04,  ..., -7.5741e-05,
          -3.1872e-04,  9.2937e-04]],

        [[-4.1151e-04,  1.2989e-04, -4.1051e-04,  ...,  9.6017e-04,
          -8.7876e-04,  9.6912e-04],
         [-6.2768e-04, -2.5390e-04,  8.0239e-04,  ...,  9.1852e-04,
           8.0510e-04, -9.2266e-04],
         [-7.4695e-04,  1.6022e-04,  3.8509e-04,  ...,  9.6631e-04,
          -2.6480e-04, -8.0938e-04],
         ...,
         [-1.9256e-04, -8.1323e-04,  4.5484e-04,  ..., -7.3598e-04,
          -8.7143e-04,  8.7633e-04],
         [-6.7937e-04,  5.5631e-05, -5.9074e-04,  ..., -8.1323e-04,
           4.5484e-04,  5.5440e-04],
         [-7.3385e-04, -2.0054e-04, -9.0992e-04,  ...,  5.6574e-04,
          -3.9576e-04,  6.3394e-04]],

        ...,

        [[-4.1151e-04,  1.2989e-04, -4.1051e-04,  ..., -2.0054e-04,
          -9.0992e-04, -4.4407e-04],
         [ 2.9057e-04,  1.0055e-04, -3.9134e-04,  ...,  1.2989e-04,
          -4.1051e-04,  2.8017e-04],
         [ 3.1895e-04, -5.5702e-04, -1.9716e-04,  ...,  1.0055e-04,
          -3.9134e-04, -4.3440e-04],
         ...,
         [-1.9256e-04, -8.1323e-04,  4.5484e-04,  ...,  3.2397e-04,
          -6.6141e-04, -6.7334e-04],
         [-2.8990e-04, -9.5217e-04, -6.5423e-04,  ..., -8.1323e-04,
           4.5484e-04,  5.5440e-04],
         [-7.3385e-04, -2.0054e-04, -9.0992e-04,  ..., -9.5217e-04,
          -6.5423e-04, -4.7201e-04]],

        [[-4.1151e-04,  1.2989e-04, -4.1051e-04,  ..., -2.0054e-04,
          -9.0992e-04, -4.4407e-04],
         [ 2.9057e-04,  1.0055e-04, -3.9134e-04,  ...,  1.2989e-04,
          -4.1051e-04,  2.8017e-04],
         [ 3.1895e-04, -5.5702e-04, -1.9716e-04,  ...,  1.0055e-04,
          -3.9134e-04, -4.3440e-04],
         ...,
         [-1.9256e-04, -8.1323e-04,  4.5484e-04,  ...,  3.2397e-04,
          -6.6141e-04, -6.7334e-04],
         [-2.8990e-04, -9.5217e-04, -6.5423e-04,  ..., -8.1323e-04,
           4.5484e-04,  5.5440e-04],
         [-7.3385e-04, -2.0054e-04, -9.0992e-04,  ..., -9.5217e-04,
          -6.5423e-04, -4.7201e-04]],

        [[-4.1151e-04,  1.2989e-04, -4.1051e-04,  ..., -2.0054e-04,
          -9.0992e-04, -4.4407e-04],
         [ 2.9057e-04,  1.0055e-04, -3.9134e-04,  ...,  1.2989e-04,
          -4.1051e-04,  2.8017e-04],
         [ 3.1895e-04, -5.5702e-04, -1.9716e-04,  ...,  1.0055e-04,
          -3.9134e-04, -4.3440e-04],
         ...,
         [-1.9256e-04, -8.1323e-04,  4.5484e-04,  ...,  3.2397e-04,
          -6.6141e-04, -6.7334e-04],
         [-2.8990e-04, -9.5217e-04, -6.5423e-04,  ..., -8.1323e-04,
           4.5484e-04,  5.5440e-04],
         [-7.3385e-04, -2.0054e-04, -9.0992e-04,  ..., -9.5217e-04,
          -6.5423e-04, -4.7201e-04]]], grad_fn=<ViewBackward0>)torch.Size([918, 27, 128])
