INFO:root:ARGS: {'datadir': 'tests/processed_data/sparse_mini', 'modeldir': 'tests/models', 'outdir': 'tests/results', 'resname': 'dplosstest', 'norm': False, 'batchsize': '10', 'batchlength': '128', 'numembed': '1024', 'embeddim': '36', 'lossfunc': 'dyn', 'quant': True, 'loglevel': 'INFO', 'sparse': True}
INFO:root:Model will be saved to: tests/models/model_dplosstest-2022-03-20-0.pt
INFO:root:Device: cpu
INFO:root:NEW MAX BATCH SIZE: 9191424
INFO:root:MIDI VECTOR QUANTIZER FORWARD PASS
INFO:root:tensor([[[-7.9549e-04, -7.1432e-04, -6.4968e-04,  ..., -4.6823e-04,
          -6.6589e-04, -4.0499e-04],
         [-3.3317e-04,  1.4041e-04, -1.1608e-04,  ..., -7.1432e-04,
          -6.4968e-04,  9.0344e-05],
         [-6.4543e-04,  8.9454e-04, -4.9756e-04,  ...,  1.4041e-04,
          -1.1608e-04, -7.1800e-04],
         ...,
         [-7.2774e-04, -7.6130e-04, -6.4996e-04,  ..., -9.1652e-04,
          -3.0821e-04,  8.9017e-04],
         [ 8.3292e-04, -3.2355e-04, -4.6785e-04,  ..., -7.6130e-04,
          -6.4996e-04, -2.9745e-05],
         [-8.5584e-04, -4.6823e-04, -6.6589e-04,  ..., -3.2355e-04,
          -4.6785e-04, -2.0762e-04]],

        [[-7.9549e-04, -7.1432e-04, -6.4968e-04,  ..., -4.6823e-04,
          -6.6589e-04, -4.0499e-04],
         [-3.3317e-04,  1.4041e-04, -1.1608e-04,  ..., -7.1432e-04,
          -6.4968e-04,  9.0344e-05],
         [-6.4543e-04,  8.9454e-04, -4.9756e-04,  ...,  1.4041e-04,
          -1.1608e-04, -7.1800e-04],
         ...,
         [-7.2774e-04, -7.6130e-04, -6.4996e-04,  ..., -9.1652e-04,
          -3.0821e-04,  8.9017e-04],
         [ 8.3292e-04, -3.2355e-04, -4.6785e-04,  ..., -7.6130e-04,
          -6.4996e-04, -2.9745e-05],
         [-8.5584e-04, -4.6823e-04, -6.6589e-04,  ..., -3.2355e-04,
          -4.6785e-04, -2.0762e-04]],

        [[-7.9549e-04, -7.1432e-04, -6.4968e-04,  ..., -4.6823e-04,
          -6.6589e-04, -4.0499e-04],
         [-3.3317e-04,  1.4041e-04, -1.1608e-04,  ..., -7.1432e-04,
          -6.4968e-04,  9.0344e-05],
         [-6.4543e-04,  8.9454e-04, -4.9756e-04,  ...,  1.4041e-04,
          -1.1608e-04, -7.1800e-04],
         ...,
         [-7.2774e-04, -7.6130e-04, -6.4996e-04,  ..., -9.1652e-04,
          -3.0821e-04,  8.9017e-04],
         [ 8.3292e-04, -3.2355e-04, -4.6785e-04,  ..., -7.6130e-04,
          -6.4996e-04, -2.9745e-05],
         [-8.5584e-04, -4.6823e-04, -6.6589e-04,  ..., -3.2355e-04,
          -4.6785e-04, -2.0762e-04]],

        ...,

        [[-7.9549e-04, -7.1432e-04, -6.4968e-04,  ..., -4.6823e-04,
          -6.6589e-04, -4.0499e-04],
         [-3.3317e-04,  1.4041e-04, -1.1608e-04,  ..., -7.1432e-04,
          -6.4968e-04,  9.0344e-05],
         [-6.4543e-04,  8.9454e-04, -4.9756e-04,  ...,  1.4041e-04,
          -1.1608e-04, -7.1800e-04],
         ...,
         [-7.2774e-04, -7.6130e-04, -6.4996e-04,  ..., -9.1652e-04,
          -3.0821e-04,  8.9017e-04],
         [ 8.3292e-04, -3.2355e-04, -4.6785e-04,  ..., -7.6130e-04,
          -6.4996e-04, -2.9745e-05],
         [-8.5584e-04, -4.6823e-04, -6.6589e-04,  ..., -3.2355e-04,
          -4.6785e-04, -2.0762e-04]],

        [[-7.9549e-04, -7.1432e-04, -6.4968e-04,  ..., -4.6823e-04,
          -6.6589e-04, -4.0499e-04],
         [-3.3317e-04,  1.4041e-04, -1.1608e-04,  ..., -7.1432e-04,
          -6.4968e-04,  9.0344e-05],
         [-6.4543e-04,  8.9454e-04, -4.9756e-04,  ...,  1.4041e-04,
          -1.1608e-04, -7.1800e-04],
         ...,
         [-7.2774e-04, -7.6130e-04, -6.4996e-04,  ..., -9.1652e-04,
          -3.0821e-04,  8.9017e-04],
         [ 8.3292e-04, -3.2355e-04, -4.6785e-04,  ..., -7.6130e-04,
          -6.4996e-04, -2.9745e-05],
         [-8.5584e-04, -4.6823e-04, -6.6589e-04,  ..., -3.2355e-04,
          -4.6785e-04, -2.0762e-04]],

        [[-7.9549e-04, -7.1432e-04, -6.4968e-04,  ..., -4.6823e-04,
          -6.6589e-04, -4.0499e-04],
         [-3.3317e-04,  1.4041e-04, -1.1608e-04,  ..., -7.1432e-04,
          -6.4968e-04,  9.0344e-05],
         [-6.4543e-04,  8.9454e-04, -4.9756e-04,  ...,  1.4041e-04,
          -1.1608e-04, -7.1800e-04],
         ...,
         [-7.2774e-04, -7.6130e-04, -6.4996e-04,  ..., -9.1652e-04,
          -3.0821e-04,  8.9017e-04],
         [ 8.3292e-04, -3.2355e-04, -4.6785e-04,  ..., -7.6130e-04,
          -6.4996e-04, -2.9745e-05],
         [-8.5584e-04, -4.6823e-04, -6.6589e-04,  ..., -3.2355e-04,
          -4.6785e-04, -2.0762e-04]]], grad_fn=<ViewBackward0>)torch.Size([561, 27, 128])
