INFO:root:ARGS: {'datadir': 'tests/processed_data/sparse_mini', 'modeldir': 'tests/models', 'outdir': 'tests/results', 'resname': 'dplosstest', 'norm': False, 'batchsize': '10', 'batchlength': '128', 'numembed': '1024', 'embeddim': '36', 'lossfunc': 'dyn', 'quant': True, 'loglevel': 'INFO', 'sparse': True}
INFO:root:Model will be saved to: tests/models/model_dplosstest-2022-03-21-1.pt
INFO:root:Device: cuda
INFO:root:NEW MAX BATCH SIZE: 11026432
INFO:root:MIDI VECTOR QUANTIZER FORWARD PASS
INFO:root:tensor([[[-8.9019e-04,  2.9846e-04,  8.3804e-04,  ..., -9.2115e-05,
          -2.5928e-04,  9.4172e-05],
         [ 4.4219e-04,  6.3593e-04,  5.9648e-04,  ...,  2.9846e-04,
           8.3804e-04,  7.8429e-04],
         [ 8.5393e-04, -3.1354e-04,  6.9870e-04,  ...,  6.3593e-04,
           5.9648e-04,  7.4202e-04],
         ...,
         [-4.3944e-04,  6.6117e-04,  9.0992e-04,  ..., -8.7999e-05,
           3.0535e-04, -3.7897e-04],
         [ 4.4720e-04,  5.7029e-04,  2.0051e-04,  ...,  6.6117e-04,
           9.0992e-04,  7.4870e-04],
         [ 4.5112e-04, -9.2115e-05, -2.5928e-04,  ...,  5.7029e-04,
           2.0051e-04,  7.3731e-04]],

        [[-8.9019e-04,  2.9846e-04,  8.3804e-04,  ..., -9.2115e-05,
          -2.5928e-04,  9.4172e-05],
         [ 4.4219e-04,  6.3593e-04,  5.9648e-04,  ...,  2.9846e-04,
           8.3804e-04,  7.8429e-04],
         [ 8.5393e-04, -3.1354e-04,  6.9870e-04,  ...,  6.3593e-04,
           5.9648e-04,  7.4202e-04],
         ...,
         [-4.3944e-04,  6.6117e-04,  9.0992e-04,  ..., -8.7999e-05,
           3.0535e-04, -3.7897e-04],
         [ 4.4720e-04,  5.7029e-04,  2.0051e-04,  ...,  6.6117e-04,
           9.0992e-04,  7.4870e-04],
         [ 4.5112e-04, -9.2115e-05, -2.5928e-04,  ...,  5.7029e-04,
           2.0051e-04,  7.3731e-04]],

        [[-8.9019e-04,  2.9846e-04,  8.3804e-04,  ..., -9.2115e-05,
          -2.5928e-04,  9.4172e-05],
         [ 4.4219e-04,  6.3593e-04,  5.9648e-04,  ...,  2.9846e-04,
           8.3804e-04,  7.8429e-04],
         [ 8.5393e-04, -3.1354e-04,  6.9870e-04,  ...,  6.3593e-04,
           5.9648e-04,  7.4202e-04],
         ...,
         [-4.3944e-04,  6.6117e-04,  9.0992e-04,  ..., -8.7999e-05,
           3.0535e-04, -3.7897e-04],
         [ 4.4720e-04,  5.7029e-04,  2.0051e-04,  ...,  6.6117e-04,
           9.0992e-04,  7.4870e-04],
         [ 4.5112e-04, -9.2115e-05, -2.5928e-04,  ...,  5.7029e-04,
           2.0051e-04,  7.3731e-04]],

        ...,

        [[-8.9019e-04,  2.9846e-04,  8.3804e-04,  ..., -9.2115e-05,
          -2.5928e-04,  9.4172e-05],
         [ 4.4219e-04,  6.3593e-04,  5.9648e-04,  ...,  2.9846e-04,
           8.3804e-04,  7.8429e-04],
         [ 8.5393e-04, -3.1354e-04,  6.9870e-04,  ...,  6.3593e-04,
           5.9648e-04,  7.4202e-04],
         ...,
         [-4.3944e-04,  6.6117e-04,  9.0992e-04,  ..., -8.7999e-05,
           3.0535e-04, -3.7897e-04],
         [ 4.4720e-04,  5.7029e-04,  2.0051e-04,  ...,  6.6117e-04,
           9.0992e-04,  7.4870e-04],
         [ 4.5112e-04, -9.2115e-05, -2.5928e-04,  ...,  5.7029e-04,
           2.0051e-04,  7.3731e-04]],

        [[-8.9019e-04,  2.9846e-04,  8.3804e-04,  ..., -9.2115e-05,
          -2.5928e-04,  9.4172e-05],
         [ 4.4219e-04,  6.3593e-04,  5.9648e-04,  ...,  2.9846e-04,
           8.3804e-04,  7.8429e-04],
         [ 8.5393e-04, -3.1354e-04,  6.9870e-04,  ...,  6.3593e-04,
           5.9648e-04,  7.4202e-04],
         ...,
         [-4.3944e-04,  6.6117e-04,  9.0992e-04,  ..., -8.7999e-05,
           3.0535e-04, -3.7897e-04],
         [ 4.4720e-04,  5.7029e-04,  2.0051e-04,  ...,  6.6117e-04,
           9.0992e-04,  7.4870e-04],
         [ 4.5112e-04, -9.2115e-05, -2.5928e-04,  ...,  5.7029e-04,
           2.0051e-04,  7.3731e-04]],

        [[-8.9019e-04,  2.9846e-04,  8.3804e-04,  ..., -9.2115e-05,
          -2.5928e-04,  9.4172e-05],
         [ 4.4219e-04,  6.3593e-04,  5.9648e-04,  ...,  2.9846e-04,
           8.3804e-04,  7.8429e-04],
         [ 8.5393e-04, -3.1354e-04,  6.9870e-04,  ...,  6.3593e-04,
           5.9648e-04,  7.4202e-04],
         ...,
         [-4.3944e-04,  6.6117e-04,  9.0992e-04,  ..., -8.7999e-05,
           3.0535e-04, -3.7897e-04],
         [ 4.4720e-04,  5.7029e-04,  2.0051e-04,  ...,  6.6117e-04,
           9.0992e-04,  7.4870e-04],
         [ 4.5112e-04, -9.2115e-05, -2.5928e-04,  ...,  5.7029e-04,
           2.0051e-04,  7.3731e-04]]], device='cuda:0',
       grad_fn=<ViewBackward0>)torch.Size([673, 27, 128])
