INFO:root:ARGS: {'datadir': 'tests/processed_data/sparse_mini', 'modeldir': 'tests/models', 'outdir': 'tests/results', 'resname': 'dplosstest', 'norm': False, 'batchsize': '10', 'batchlength': '128', 'numembed': '1024', 'embeddim': '36', 'lossfunc': 'dyn', 'quant': True, 'loglevel': 'INFO', 'sparse': True}
INFO:root:Model will be saved to: tests/models/model_dplosstest-2022-03-20-1.pt
INFO:root:Device: cpu
INFO:root:NEW MAX BATCH SIZE: 10534912
INFO:root:MIDI VECTOR QUANTIZER FORWARD PASS
INFO:root:tensor([[[-6.5245e-04,  4.2118e-04,  2.1822e-04,  ...,  8.2962e-04,
           1.9835e-04, -5.8186e-04],
         [-5.5614e-04,  1.5782e-04, -6.4658e-04,  ...,  4.2118e-04,
           2.1822e-04, -8.1015e-04],
         [-3.9496e-04,  8.1875e-05, -6.8948e-04,  ..., -9.2110e-04,
          -9.0250e-04, -2.4674e-04],
         ...,
         [-1.7253e-05, -5.1911e-04, -7.3785e-04,  ..., -6.0641e-04,
          -1.2500e-04, -2.9199e-04],
         [-6.7986e-04, -9.1358e-04, -1.9568e-04,  ..., -5.1911e-04,
          -7.3785e-04, -9.4459e-04],
         [ 5.8198e-04, -9.6120e-04, -2.2671e-04,  ..., -9.1358e-04,
          -1.9568e-04,  5.0277e-04]],

        [[-6.5245e-04,  4.2118e-04,  2.1822e-04,  ..., -9.6120e-04,
          -2.2671e-04, -4.2922e-04],
         [-5.5004e-04, -6.5574e-04, -6.6405e-04,  ...,  4.2118e-04,
           2.1822e-04, -8.1015e-04],
         [-3.9496e-04,  8.1875e-05, -6.8948e-04,  ..., -6.5574e-04,
          -6.6405e-04, -7.9308e-04],
         ...,
         [-1.7253e-05, -5.1911e-04, -7.3785e-04,  ..., -6.0641e-04,
          -1.2500e-04, -2.9199e-04],
         [-6.7986e-04, -9.1358e-04, -1.9568e-04,  ..., -5.1911e-04,
          -7.3785e-04, -9.4459e-04],
         [ 5.8198e-04, -9.6120e-04, -2.2671e-04,  ..., -9.1358e-04,
          -1.9568e-04,  5.0277e-04]],

        [[-6.5245e-04,  4.2118e-04,  2.1822e-04,  ..., -9.6120e-04,
          -2.2671e-04, -4.2922e-04],
         [-5.5004e-04, -6.5574e-04, -6.6405e-04,  ...,  4.2118e-04,
           2.1822e-04, -8.1015e-04],
         [-3.9496e-04,  8.1875e-05, -6.8948e-04,  ..., -6.5574e-04,
          -6.6405e-04, -7.9308e-04],
         ...,
         [-1.7253e-05, -5.1911e-04, -7.3785e-04,  ..., -6.0641e-04,
          -1.2500e-04, -2.9199e-04],
         [-6.7986e-04, -9.1358e-04, -1.9568e-04,  ..., -5.1911e-04,
          -7.3785e-04, -9.4459e-04],
         [ 5.8198e-04, -9.6120e-04, -2.2671e-04,  ..., -9.1358e-04,
          -1.9568e-04,  5.0277e-04]],

        ...,

        [[-6.5245e-04,  4.2118e-04,  2.1822e-04,  ..., -9.6120e-04,
          -2.2671e-04, -4.2922e-04],
         [-5.5004e-04, -6.5574e-04, -6.6405e-04,  ...,  4.2118e-04,
           2.1822e-04, -8.1015e-04],
         [-3.9496e-04,  8.1875e-05, -6.8948e-04,  ..., -6.5574e-04,
          -6.6405e-04, -7.9308e-04],
         ...,
         [-1.7253e-05, -5.1911e-04, -7.3785e-04,  ..., -6.0641e-04,
          -1.2500e-04, -2.9199e-04],
         [-6.7986e-04, -9.1358e-04, -1.9568e-04,  ..., -5.1911e-04,
          -7.3785e-04, -9.4459e-04],
         [ 5.8198e-04, -9.6120e-04, -2.2671e-04,  ..., -9.1358e-04,
          -1.9568e-04,  5.0277e-04]],

        [[-6.5245e-04,  4.2118e-04,  2.1822e-04,  ..., -9.6120e-04,
          -2.2671e-04, -4.2922e-04],
         [-5.5004e-04, -6.5574e-04, -6.6405e-04,  ...,  4.2118e-04,
           2.1822e-04, -8.1015e-04],
         [-3.9496e-04,  8.1875e-05, -6.8948e-04,  ..., -6.5574e-04,
          -6.6405e-04, -7.9308e-04],
         ...,
         [-1.7253e-05, -5.1911e-04, -7.3785e-04,  ..., -6.0641e-04,
          -1.2500e-04, -2.9199e-04],
         [-6.7986e-04, -9.1358e-04, -1.9568e-04,  ..., -5.1911e-04,
          -7.3785e-04, -9.4459e-04],
         [ 5.8198e-04, -9.6120e-04, -2.2671e-04,  ..., -9.1358e-04,
          -1.9568e-04,  5.0277e-04]],

        [[-6.5245e-04,  4.2118e-04,  2.1822e-04,  ..., -9.6120e-04,
          -2.2671e-04, -4.2922e-04],
         [-5.5004e-04, -6.5574e-04, -6.6405e-04,  ...,  4.2118e-04,
           2.1822e-04, -8.1015e-04],
         [-3.9496e-04,  8.1875e-05, -6.8948e-04,  ..., -6.5574e-04,
          -6.6405e-04, -7.9308e-04],
         ...,
         [-1.7253e-05, -5.1911e-04, -7.3785e-04,  ..., -6.0641e-04,
          -1.2500e-04, -2.9199e-04],
         [-6.7986e-04, -9.1358e-04, -1.9568e-04,  ..., -5.1911e-04,
          -7.3785e-04, -9.4459e-04],
         [ 5.8198e-04, -9.6120e-04, -2.2671e-04,  ..., -9.1358e-04,
          -1.9568e-04,  5.0277e-04]]], grad_fn=<ViewBackward0>)torch.Size([643, 27, 128])
