INFO:root:ARGS: {'datadir': 'tests/processed_data/sparse_mini', 'modeldir': 'tests/models', 'outdir': 'tests/results', 'resname': 'dplosstest', 'norm': False, 'batchsize': '10', 'batchlength': '128', 'numembed': '1024', 'embeddim': '36', 'lossfunc': 'dyn', 'quant': True, 'loglevel': 'INFO', 'sparse': True}
INFO:root:Model will be saved to: tests/models/model_dplosstest-2022-03-20-3.pt
INFO:root:Device: cuda
INFO:root:NEW MAX BATCH SIZE: 9633792
INFO:root:MIDI VECTOR QUANTIZER FORWARD PASS
INFO:root:tensor([[[ 1.7902e-04,  1.2866e-04,  2.2712e-04,  ...,  6.7848e-04,
          -5.2868e-05,  8.6393e-04],
         [ 7.9109e-04,  9.6357e-04,  7.8811e-04,  ...,  1.2866e-04,
           2.2712e-04, -1.0839e-04],
         [-8.1034e-05,  7.3161e-04,  6.0060e-04,  ...,  9.6357e-04,
           7.8811e-04,  7.0644e-04],
         ...,
         [ 5.2073e-04,  5.8030e-05,  6.1257e-04,  ..., -8.9755e-04,
           8.9172e-04, -2.2696e-04],
         [ 1.2354e-05,  3.0374e-05, -8.9582e-05,  ...,  5.8030e-05,
           6.1257e-04, -3.3437e-04],
         [-1.9605e-04,  6.7848e-04, -5.2868e-05,  ...,  3.0374e-05,
          -8.9582e-05,  3.8744e-04]],

        [[ 1.7902e-04,  1.2866e-04,  2.2712e-04,  ...,  6.7848e-04,
          -5.2868e-05,  8.6393e-04],
         [ 7.9109e-04,  9.6357e-04,  7.8811e-04,  ...,  1.2866e-04,
           2.2712e-04, -1.0839e-04],
         [-8.1034e-05,  7.3161e-04,  6.0060e-04,  ...,  9.6357e-04,
           7.8811e-04,  7.0644e-04],
         ...,
         [ 5.2073e-04,  5.8030e-05,  6.1257e-04,  ..., -8.9755e-04,
           8.9172e-04, -2.2696e-04],
         [ 1.2354e-05,  3.0374e-05, -8.9582e-05,  ...,  5.8030e-05,
           6.1257e-04, -3.3437e-04],
         [-1.9605e-04,  6.7848e-04, -5.2868e-05,  ...,  3.0374e-05,
          -8.9582e-05,  3.8744e-04]],

        [[ 1.7902e-04,  1.2866e-04,  2.2712e-04,  ...,  6.7848e-04,
          -5.2868e-05,  8.6393e-04],
         [ 7.9109e-04,  9.6357e-04,  7.8811e-04,  ...,  1.2866e-04,
           2.2712e-04, -1.0839e-04],
         [-8.1034e-05,  7.3161e-04,  6.0060e-04,  ...,  9.6357e-04,
           7.8811e-04,  7.0644e-04],
         ...,
         [ 5.2073e-04,  5.8030e-05,  6.1257e-04,  ..., -8.9755e-04,
           8.9172e-04, -2.2696e-04],
         [ 1.2354e-05,  3.0374e-05, -8.9582e-05,  ...,  5.8030e-05,
           6.1257e-04, -3.3437e-04],
         [-1.9605e-04,  6.7848e-04, -5.2868e-05,  ...,  3.0374e-05,
          -8.9582e-05,  3.8744e-04]],

        ...,

        [[ 1.7902e-04,  1.2866e-04,  2.2712e-04,  ...,  6.7848e-04,
          -5.2868e-05,  8.6393e-04],
         [ 7.9109e-04,  9.6357e-04,  7.8811e-04,  ...,  1.2866e-04,
           2.2712e-04, -1.0839e-04],
         [-8.1034e-05,  7.3161e-04,  6.0060e-04,  ...,  9.6357e-04,
           7.8811e-04,  7.0644e-04],
         ...,
         [ 5.2073e-04,  5.8030e-05,  6.1257e-04,  ..., -8.9755e-04,
           8.9172e-04, -2.2696e-04],
         [ 1.2354e-05,  3.0374e-05, -8.9582e-05,  ...,  5.8030e-05,
           6.1257e-04, -3.3437e-04],
         [-1.9605e-04,  6.7848e-04, -5.2868e-05,  ...,  3.0374e-05,
          -8.9582e-05,  3.8744e-04]],

        [[ 1.7902e-04,  1.2866e-04,  2.2712e-04,  ...,  6.7848e-04,
          -5.2868e-05,  8.6393e-04],
         [ 7.9109e-04,  9.6357e-04,  7.8811e-04,  ...,  1.2866e-04,
           2.2712e-04, -1.0839e-04],
         [-8.1034e-05,  7.3161e-04,  6.0060e-04,  ...,  9.6357e-04,
           7.8811e-04,  7.0644e-04],
         ...,
         [ 5.2073e-04,  5.8030e-05,  6.1257e-04,  ..., -8.9755e-04,
           8.9172e-04, -2.2696e-04],
         [ 1.2354e-05,  3.0374e-05, -8.9582e-05,  ...,  5.8030e-05,
           6.1257e-04, -3.3437e-04],
         [-1.9605e-04,  6.7848e-04, -5.2868e-05,  ...,  3.0374e-05,
          -8.9582e-05,  3.8744e-04]],

        [[ 1.7902e-04,  1.2866e-04,  2.2712e-04,  ...,  6.7848e-04,
          -5.2868e-05,  8.6393e-04],
         [ 7.9109e-04,  9.6357e-04,  7.8811e-04,  ...,  1.2866e-04,
           2.2712e-04, -1.0839e-04],
         [-8.1034e-05,  7.3161e-04,  6.0060e-04,  ...,  9.6357e-04,
           7.8811e-04,  7.0644e-04],
         ...,
         [ 5.2073e-04,  5.8030e-05,  6.1257e-04,  ..., -8.9755e-04,
           8.9172e-04, -2.2696e-04],
         [ 1.2354e-05,  3.0374e-05, -8.9582e-05,  ...,  5.8030e-05,
           6.1257e-04, -3.3437e-04],
         [-1.9605e-04,  6.7848e-04, -5.2868e-05,  ...,  3.0374e-05,
          -8.9582e-05,  3.8744e-04]]], device='cuda:0',
       grad_fn=<ViewBackward0>)torch.Size([588, 27, 128])
