INFO:root:ARGS: {'datadir': 'tests/processed_data/sparse_mini', 'modeldir': 'tests/models', 'outdir': 'tests/results', 'resname': 'dplosstest', 'norm': False, 'batchsize': '10', 'batchlength': '128', 'numembed': '1024', 'embeddim': '128', 'lossfunc': 'dyn', 'quant': True, 'loglevel': 'INFO', 'sparse': True}
INFO:root:Model will be saved to: tests/models/model_dplosstest-2022-03-28-2.pt
INFO:root:Device: cpu
INFO:root:NEW MAX BATCH SIZE: 9814016
INFO:root:MIDI VECTOR QUANTIZER FORWARD PASS
INFO:root:tensor([[[-7.9803e-04, -6.4754e-04, -8.1714e-04,  ...,  7.7371e-04,
          -9.5257e-04, -6.2423e-04],
         [ 5.2242e-04,  4.9561e-04, -9.3234e-04,  ..., -4.3916e-04,
          -4.8512e-04,  7.6339e-04],
         [-7.9803e-04, -6.4754e-04, -8.1714e-04,  ...,  7.7371e-04,
          -9.5257e-04, -6.2423e-04],
         ...,
         [ 9.3614e-04, -4.9398e-04, -8.9316e-04,  ...,  5.5722e-04,
           9.6310e-05,  2.6569e-04],
         [ 7.3894e-04,  4.0192e-04,  1.3245e-04,  ..., -8.1788e-04,
           4.3349e-04, -6.4842e-04],
         [ 8.3939e-04, -1.7219e-04,  5.0728e-04,  ...,  4.2119e-04,
           2.6976e-04,  9.7152e-04]],

        [[-7.9232e-04, -1.9814e-04, -4.2225e-04,  ..., -6.9467e-04,
           9.5177e-04,  8.0236e-04],
         [-7.9232e-04, -1.9814e-04, -4.2225e-04,  ..., -6.9467e-04,
           9.5177e-04,  8.0236e-04],
         [-7.9232e-04, -1.9814e-04, -4.2225e-04,  ..., -6.9467e-04,
           9.5177e-04,  8.0236e-04],
         ...,
         [-7.9232e-04, -1.9814e-04, -4.2225e-04,  ..., -6.9467e-04,
           9.5177e-04,  8.0236e-04],
         [-7.9232e-04, -1.9814e-04, -4.2225e-04,  ..., -6.9467e-04,
           9.5177e-04,  8.0236e-04],
         [-7.9232e-04, -1.9814e-04, -4.2225e-04,  ..., -6.9467e-04,
           9.5177e-04,  8.0236e-04]],

        [[-7.9232e-04, -1.9814e-04, -4.2225e-04,  ..., -6.9467e-04,
           9.5177e-04,  8.0236e-04],
         [-7.9232e-04, -1.9814e-04, -4.2225e-04,  ..., -6.9467e-04,
           9.5177e-04,  8.0236e-04],
         [-7.9232e-04, -1.9814e-04, -4.2225e-04,  ..., -6.9467e-04,
           9.5177e-04,  8.0236e-04],
         ...,
         [-7.9232e-04, -1.9814e-04, -4.2225e-04,  ..., -6.9467e-04,
           9.5177e-04,  8.0236e-04],
         [-7.9232e-04, -1.9814e-04, -4.2225e-04,  ..., -6.9467e-04,
           9.5177e-04,  8.0236e-04],
         [-7.9232e-04, -1.9814e-04, -4.2225e-04,  ..., -6.9467e-04,
           9.5177e-04,  8.0236e-04]],

        ...,

        [[-7.9232e-04, -1.9814e-04, -4.2225e-04,  ..., -6.9467e-04,
           9.5177e-04,  8.0236e-04],
         [-7.9232e-04, -1.9814e-04, -4.2225e-04,  ..., -6.9467e-04,
           9.5177e-04,  8.0236e-04],
         [-7.9232e-04, -1.9814e-04, -4.2225e-04,  ..., -6.9467e-04,
           9.5177e-04,  8.0236e-04],
         ...,
         [-7.9232e-04, -1.9814e-04, -4.2225e-04,  ..., -6.9467e-04,
           9.5177e-04,  8.0236e-04],
         [-7.9232e-04, -1.9814e-04, -4.2225e-04,  ..., -6.9467e-04,
           9.5177e-04,  8.0236e-04],
         [-7.9232e-04, -1.9814e-04, -4.2225e-04,  ..., -6.9467e-04,
           9.5177e-04,  8.0236e-04]],

        [[-7.9232e-04, -1.9814e-04, -4.2225e-04,  ..., -6.9467e-04,
           9.5177e-04,  8.0236e-04],
         [-7.9232e-04, -1.9814e-04, -4.2225e-04,  ..., -6.9467e-04,
           9.5177e-04,  8.0236e-04],
         [-7.9232e-04, -1.9814e-04, -4.2225e-04,  ..., -6.9467e-04,
           9.5177e-04,  8.0236e-04],
         ...,
         [-7.9232e-04, -1.9814e-04, -4.2225e-04,  ..., -6.9467e-04,
           9.5177e-04,  8.0236e-04],
         [-7.9232e-04, -1.9814e-04, -4.2225e-04,  ..., -6.9467e-04,
           9.5177e-04,  8.0236e-04],
         [-7.9232e-04, -1.9814e-04, -4.2225e-04,  ..., -6.9467e-04,
           9.5177e-04,  8.0236e-04]],

        [[-7.9232e-04, -1.9814e-04, -4.2225e-04,  ..., -6.9467e-04,
           9.5177e-04,  8.0236e-04],
         [-7.9232e-04, -1.9814e-04, -4.2225e-04,  ..., -6.9467e-04,
           9.5177e-04,  8.0236e-04],
         [-7.9232e-04, -1.9814e-04, -4.2225e-04,  ..., -6.9467e-04,
           9.5177e-04,  8.0236e-04],
         ...,
         [-7.9232e-04, -1.9814e-04, -4.2225e-04,  ..., -6.9467e-04,
           9.5177e-04,  8.0236e-04],
         [-7.9232e-04, -1.9814e-04, -4.2225e-04,  ..., -6.9467e-04,
           9.5177e-04,  8.0236e-04],
         [-7.9232e-04, -1.9814e-04, -4.2225e-04,  ..., -6.9467e-04,
           9.5177e-04,  8.0236e-04]]], grad_fn=<ViewBackward0>)torch.Size([599, 27, 128])
