INFO:root:ARGS: {'datadir': 'tests/processed_data/sparse_mini', 'modeldir': 'tests/models', 'outdir': 'tests/results', 'resname': 'dplosstest', 'norm': False, 'batchsize': '10', 'batchlength': '128', 'numembed': '1024', 'embeddim': '36', 'lossfunc': 'dyn', 'quant': True, 'loglevel': 'INFO', 'sparse': True}
INFO:root:Model will be saved to: tests/models/model_dplosstest-2022-03-21-0.pt
INFO:root:Device: cuda
INFO:root:NEW MAX BATCH SIZE: 10141696
INFO:root:MIDI VECTOR QUANTIZER FORWARD PASS
INFO:root:tensor([[[-8.5358e-04,  6.8718e-04,  3.4392e-04,  ..., -7.2644e-04,
          -3.6875e-04, -8.9331e-04],
         [-5.2926e-04,  7.3094e-04, -5.2171e-04,  ...,  6.8718e-04,
           3.4392e-04,  1.0200e-04],
         [ 7.4472e-04, -5.9273e-04, -6.4763e-04,  ...,  7.3094e-04,
          -5.2171e-04, -4.3133e-04],
         ...,
         [-7.8899e-05, -4.3630e-04, -7.1654e-04,  ..., -1.3752e-04,
          -6.2809e-04,  4.9346e-04],
         [-8.2487e-04, -6.9482e-04, -7.1400e-04,  ..., -4.3630e-04,
          -7.1654e-04, -9.1196e-04],
         [-4.0278e-04, -7.2644e-04, -3.6875e-04,  ..., -6.9482e-04,
          -7.1400e-04, -9.3678e-04]],

        [[-8.5358e-04,  6.8718e-04,  3.4392e-04,  ..., -7.2644e-04,
          -3.6875e-04, -8.9331e-04],
         [-5.2926e-04,  7.3094e-04, -5.2171e-04,  ...,  6.8718e-04,
           3.4392e-04,  1.0200e-04],
         [ 7.4472e-04, -5.9273e-04, -6.4763e-04,  ...,  7.3094e-04,
          -5.2171e-04, -4.3133e-04],
         ...,
         [-7.8899e-05, -4.3630e-04, -7.1654e-04,  ..., -1.3752e-04,
          -6.2809e-04,  4.9346e-04],
         [-8.2487e-04, -6.9482e-04, -7.1400e-04,  ..., -4.3630e-04,
          -7.1654e-04, -9.1196e-04],
         [-4.0278e-04, -7.2644e-04, -3.6875e-04,  ..., -6.9482e-04,
          -7.1400e-04, -9.3678e-04]],

        [[-5.4970e-04,  6.0854e-04, -5.5895e-04,  ..., -3.1377e-04,
          -7.4751e-04, -9.1903e-04],
         [ 8.8572e-04, -2.8756e-04, -1.8325e-04,  ..., -1.4873e-04,
           2.7741e-04,  9.7409e-04],
         [ 4.3390e-04, -5.2180e-04,  8.2438e-04,  ...,  1.8999e-04,
          -5.2765e-04, -6.5997e-04],
         ...,
         [-3.4737e-04, -4.0838e-04, -9.3771e-04,  ...,  2.8351e-04,
          -5.2021e-04,  9.3471e-04],
         [ 7.4002e-05,  8.2321e-04,  6.5465e-04,  ..., -1.6343e-04,
           7.4769e-04, -9.5678e-04],
         [ 9.0829e-04, -1.9785e-04, -6.9435e-04,  ..., -3.3519e-04,
          -5.4450e-04,  8.6251e-04]],

        ...,

        [[-8.5358e-04,  6.8718e-04,  3.4392e-04,  ..., -7.2644e-04,
          -3.6875e-04, -8.9331e-04],
         [-5.2926e-04,  7.3094e-04, -5.2171e-04,  ...,  6.8718e-04,
           3.4392e-04,  1.0200e-04],
         [ 7.4472e-04, -5.9273e-04, -6.4763e-04,  ...,  7.3094e-04,
          -5.2171e-04, -4.3133e-04],
         ...,
         [-7.8899e-05, -4.3630e-04, -7.1654e-04,  ..., -1.3752e-04,
          -6.2809e-04,  4.9346e-04],
         [-8.2487e-04, -6.9482e-04, -7.1400e-04,  ..., -4.3630e-04,
          -7.1654e-04, -9.1196e-04],
         [-4.0278e-04, -7.2644e-04, -3.6875e-04,  ..., -6.9482e-04,
          -7.1400e-04, -9.3678e-04]],

        [[-1.8821e-04, -3.0887e-04, -1.8745e-04,  ..., -7.9200e-04,
          -8.3935e-04, -1.8737e-04],
         [ 7.1431e-04, -9.5288e-04,  9.7472e-04,  ..., -5.8090e-05,
           7.4809e-04,  1.3127e-06],
         [ 6.1128e-04,  8.9157e-04,  6.3846e-04,  ..., -6.8302e-04,
          -5.8427e-04, -9.3339e-05],
         ...,
         [-6.1893e-04, -8.5727e-04,  3.8224e-04,  ..., -2.7086e-05,
           9.7170e-04, -8.3309e-04],
         [-9.2669e-04, -9.3940e-04, -9.6152e-04,  ...,  3.9226e-04,
          -2.7328e-04,  1.8618e-04],
         [ 2.5322e-04, -4.4019e-04,  8.9912e-04,  ..., -6.9482e-04,
          -7.1400e-04, -9.3678e-04]],

        [[-8.5358e-04,  6.8718e-04,  3.4392e-04,  ..., -7.2644e-04,
          -3.6875e-04, -8.9331e-04],
         [-5.2926e-04,  7.3094e-04, -5.2171e-04,  ...,  6.8718e-04,
           3.4392e-04,  1.0200e-04],
         [ 7.4472e-04, -5.9273e-04, -6.4763e-04,  ...,  7.3094e-04,
          -5.2171e-04, -4.3133e-04],
         ...,
         [-7.8899e-05, -4.3630e-04, -7.1654e-04,  ..., -1.3752e-04,
          -6.2809e-04,  4.9346e-04],
         [-8.2487e-04, -6.9482e-04, -7.1400e-04,  ..., -4.3630e-04,
          -7.1654e-04, -9.1196e-04],
         [-4.0278e-04, -7.2644e-04, -3.6875e-04,  ..., -6.9482e-04,
          -7.1400e-04, -9.3678e-04]]], device='cuda:0',
       grad_fn=<ViewBackward0>)torch.Size([619, 27, 128])
