INFO:root:ARGS: {'datadir': 'tests/processed_data/sparse_mini', 'modeldir': 'tests/models', 'outdir': 'tests/results', 'resname': 'dplosstest', 'norm': False, 'batchsize': '10', 'batchlength': '128', 'numembed': '1024', 'embeddim': '36', 'lossfunc': 'dyn', 'quant': True, 'loglevel': 'INFO', 'sparse': True}
INFO:root:Model will be saved to: tests/models/model_dplosstest-2022-03-23-0.pt
INFO:root:Device: cpu
INFO:root:NEW MAX BATCH SIZE: 11272192
INFO:root:MIDI VECTOR QUANTIZER FORWARD PASS
INFO:root:tensor([[[ 5.7546e-05,  6.8543e-04, -6.9057e-04,  ..., -1.8538e-04,
          -1.7953e-04, -8.0222e-04],
         [-5.1589e-04,  9.3846e-04,  8.9925e-04,  ...,  6.8543e-04,
          -6.9057e-04,  2.4872e-04],
         [-6.2147e-04, -3.3326e-04,  4.7095e-04,  ...,  9.3846e-04,
           8.9925e-04, -2.9868e-04],
         ...,
         [-8.8651e-04, -1.8039e-04, -3.9200e-04,  ...,  2.0118e-04,
           5.9319e-05, -4.5007e-04],
         [-9.1408e-04, -2.4811e-04, -9.2667e-04,  ..., -1.8039e-04,
          -3.9200e-04, -5.1065e-04],
         [-2.3749e-04, -1.8538e-04, -1.7953e-04,  ..., -2.4811e-04,
          -9.2667e-04, -7.7411e-04]],

        [[ 5.7546e-05,  6.8543e-04, -6.9057e-04,  ..., -1.8538e-04,
          -1.7953e-04, -8.0222e-04],
         [-5.1589e-04,  9.3846e-04,  8.9925e-04,  ...,  6.8543e-04,
          -6.9057e-04,  2.4872e-04],
         [-6.2147e-04, -3.3326e-04,  4.7095e-04,  ...,  9.3846e-04,
           8.9925e-04, -2.9868e-04],
         ...,
         [-8.8651e-04, -1.8039e-04, -3.9200e-04,  ...,  2.0118e-04,
           5.9319e-05, -4.5007e-04],
         [-9.1408e-04, -2.4811e-04, -9.2667e-04,  ..., -1.8039e-04,
          -3.9200e-04, -5.1065e-04],
         [-2.3749e-04, -1.8538e-04, -1.7953e-04,  ..., -2.4811e-04,
          -9.2667e-04, -7.7411e-04]],

        [[ 5.7546e-05,  6.8543e-04, -6.9057e-04,  ..., -1.8538e-04,
          -1.7953e-04, -8.0222e-04],
         [-5.1589e-04,  9.3846e-04,  8.9925e-04,  ...,  6.8543e-04,
          -6.9057e-04,  2.4872e-04],
         [-6.2147e-04, -3.3326e-04,  4.7095e-04,  ...,  9.3846e-04,
           8.9925e-04, -2.9868e-04],
         ...,
         [-8.8651e-04, -1.8039e-04, -3.9200e-04,  ...,  2.0118e-04,
           5.9319e-05, -4.5007e-04],
         [-9.1408e-04, -2.4811e-04, -9.2667e-04,  ..., -1.8039e-04,
          -3.9200e-04, -5.1065e-04],
         [-2.3749e-04, -1.8538e-04, -1.7953e-04,  ..., -2.4811e-04,
          -9.2667e-04, -7.7411e-04]],

        ...,

        [[ 5.7546e-05,  6.8543e-04, -6.9057e-04,  ..., -1.8538e-04,
          -1.7953e-04, -8.0222e-04],
         [-5.1589e-04,  9.3846e-04,  8.9925e-04,  ...,  6.8543e-04,
          -6.9057e-04,  2.4872e-04],
         [-6.2147e-04, -3.3326e-04,  4.7095e-04,  ...,  9.3846e-04,
           8.9925e-04, -2.9868e-04],
         ...,
         [-8.8651e-04, -1.8039e-04, -3.9200e-04,  ...,  2.0118e-04,
           5.9319e-05, -4.5007e-04],
         [-9.1408e-04, -2.4811e-04, -9.2667e-04,  ..., -1.8039e-04,
          -3.9200e-04, -5.1065e-04],
         [-2.3749e-04, -1.8538e-04, -1.7953e-04,  ..., -2.4811e-04,
          -9.2667e-04, -7.7411e-04]],

        [[ 5.7546e-05,  6.8543e-04, -6.9057e-04,  ..., -1.8538e-04,
          -1.7953e-04, -8.0222e-04],
         [-5.1589e-04,  9.3846e-04,  8.9925e-04,  ...,  6.8543e-04,
          -6.9057e-04,  2.4872e-04],
         [-6.2147e-04, -3.3326e-04,  4.7095e-04,  ...,  9.3846e-04,
           8.9925e-04, -2.9868e-04],
         ...,
         [-8.8651e-04, -1.8039e-04, -3.9200e-04,  ...,  2.0118e-04,
           5.9319e-05, -4.5007e-04],
         [-9.1408e-04, -2.4811e-04, -9.2667e-04,  ..., -1.8039e-04,
          -3.9200e-04, -5.1065e-04],
         [-2.3749e-04, -1.8538e-04, -1.7953e-04,  ..., -2.4811e-04,
          -9.2667e-04, -7.7411e-04]],

        [[ 5.7546e-05,  6.8543e-04, -6.9057e-04,  ..., -1.8538e-04,
          -1.7953e-04, -8.0222e-04],
         [-5.1589e-04,  9.3846e-04,  8.9925e-04,  ...,  6.8543e-04,
          -6.9057e-04,  2.4872e-04],
         [-6.2147e-04, -3.3326e-04,  4.7095e-04,  ...,  9.3846e-04,
           8.9925e-04, -2.9868e-04],
         ...,
         [-8.8651e-04, -1.8039e-04, -3.9200e-04,  ...,  2.0118e-04,
           5.9319e-05, -4.5007e-04],
         [-9.1408e-04, -2.4811e-04, -9.2667e-04,  ..., -1.8039e-04,
          -3.9200e-04, -5.1065e-04],
         [-2.3749e-04, -1.8538e-04, -1.7953e-04,  ..., -2.4811e-04,
          -9.2667e-04, -7.7411e-04]]], grad_fn=<ViewBackward0>)torch.Size([688, 27, 128])
