INFO:root:ARGS: {'datadir': 'tests/processed_data/sparse_mini', 'modeldir': 'tests/models', 'outdir': 'tests/results', 'resname': 'dplosstest', 'norm': False, 'batchsize': '10', 'batchlength': '128', 'numembed': '1024', 'embeddim': '36', 'lossfunc': 'dyn', 'quant': True, 'loglevel': 'INFO', 'sparse': True}
INFO:root:Model will be saved to: tests/models/model_dplosstest-2022-03-20-2.pt
INFO:root:Device: cpu
INFO:root:NEW MAX BATCH SIZE: 9240576
INFO:root:MIDI VECTOR QUANTIZER FORWARD PASS
INFO:root:tensor([[[-9.6772e-04,  5.0268e-04, -4.1601e-04,  ...,  7.4235e-04,
           2.4274e-04,  7.0224e-05],
         [-7.8818e-04, -5.9485e-04, -9.1917e-04,  ...,  5.0268e-04,
          -4.1601e-04,  9.6697e-05],
         [-8.8000e-04,  9.5464e-04,  7.9900e-04,  ..., -5.9485e-04,
          -9.1917e-04,  5.8129e-04],
         ...,
         [ 2.9711e-04,  7.4054e-04,  4.9755e-04,  ...,  5.8114e-04,
           3.9158e-04,  3.9037e-04],
         [ 9.3553e-04,  1.2416e-04,  5.0900e-05,  ...,  7.4054e-04,
           4.9755e-04,  8.7689e-04],
         [ 5.9186e-04,  7.4235e-04,  2.4274e-04,  ...,  1.2416e-04,
           5.0900e-05,  5.8239e-04]],

        [[-9.6772e-04,  5.0268e-04, -4.1601e-04,  ...,  7.4235e-04,
           2.4274e-04,  7.0224e-05],
         [-7.8818e-04, -5.9485e-04, -9.1917e-04,  ...,  5.0268e-04,
          -4.1601e-04,  9.6697e-05],
         [-8.8000e-04,  9.5464e-04,  7.9900e-04,  ..., -5.9485e-04,
          -9.1917e-04,  5.8129e-04],
         ...,
         [ 2.9711e-04,  7.4054e-04,  4.9755e-04,  ...,  5.8114e-04,
           3.9158e-04,  3.9037e-04],
         [ 9.3553e-04,  1.2416e-04,  5.0900e-05,  ...,  7.4054e-04,
           4.9755e-04,  8.7689e-04],
         [ 5.9186e-04,  7.4235e-04,  2.4274e-04,  ...,  1.2416e-04,
           5.0900e-05,  5.8239e-04]],

        [[-9.6772e-04,  5.0268e-04, -4.1601e-04,  ...,  7.4235e-04,
           2.4274e-04,  7.0224e-05],
         [-7.8818e-04, -5.9485e-04, -9.1917e-04,  ...,  5.0268e-04,
          -4.1601e-04,  9.6697e-05],
         [-8.8000e-04,  9.5464e-04,  7.9900e-04,  ..., -5.9485e-04,
          -9.1917e-04,  5.8129e-04],
         ...,
         [ 2.9711e-04,  7.4054e-04,  4.9755e-04,  ...,  5.8114e-04,
           3.9158e-04,  3.9037e-04],
         [ 9.3553e-04,  1.2416e-04,  5.0900e-05,  ...,  7.4054e-04,
           4.9755e-04,  8.7689e-04],
         [ 5.9186e-04,  7.4235e-04,  2.4274e-04,  ...,  1.2416e-04,
           5.0900e-05,  5.8239e-04]],

        ...,

        [[-9.6772e-04,  5.0268e-04, -4.1601e-04,  ...,  7.4235e-04,
           2.4274e-04,  7.0224e-05],
         [-7.8818e-04, -5.9485e-04, -9.1917e-04,  ...,  5.0268e-04,
          -4.1601e-04,  9.6697e-05],
         [-8.8000e-04,  9.5464e-04,  7.9900e-04,  ..., -5.9485e-04,
          -9.1917e-04,  5.8129e-04],
         ...,
         [ 2.9711e-04,  7.4054e-04,  4.9755e-04,  ...,  5.8114e-04,
           3.9158e-04,  3.9037e-04],
         [ 9.3553e-04,  1.2416e-04,  5.0900e-05,  ...,  7.4054e-04,
           4.9755e-04,  8.7689e-04],
         [ 5.9186e-04,  7.4235e-04,  2.4274e-04,  ...,  1.2416e-04,
           5.0900e-05,  5.8239e-04]],

        [[-9.6772e-04,  5.0268e-04, -4.1601e-04,  ...,  7.4235e-04,
           2.4274e-04,  7.0224e-05],
         [-7.8818e-04, -5.9485e-04, -9.1917e-04,  ...,  5.0268e-04,
          -4.1601e-04,  9.6697e-05],
         [-8.8000e-04,  9.5464e-04,  7.9900e-04,  ..., -5.9485e-04,
          -9.1917e-04,  5.8129e-04],
         ...,
         [ 2.9711e-04,  7.4054e-04,  4.9755e-04,  ...,  5.8114e-04,
           3.9158e-04,  3.9037e-04],
         [ 9.3553e-04,  1.2416e-04,  5.0900e-05,  ...,  7.4054e-04,
           4.9755e-04,  8.7689e-04],
         [ 5.9186e-04,  7.4235e-04,  2.4274e-04,  ...,  1.2416e-04,
           5.0900e-05,  5.8239e-04]],

        [[-9.6772e-04,  5.0268e-04, -4.1601e-04,  ...,  7.4235e-04,
           2.4274e-04,  7.0224e-05],
         [-7.8818e-04, -5.9485e-04, -9.1917e-04,  ...,  5.0268e-04,
          -4.1601e-04,  9.6697e-05],
         [-8.8000e-04,  9.5464e-04,  7.9900e-04,  ..., -5.9485e-04,
          -9.1917e-04,  5.8129e-04],
         ...,
         [ 2.9711e-04,  7.4054e-04,  4.9755e-04,  ...,  5.8114e-04,
           3.9158e-04,  3.9037e-04],
         [ 9.3553e-04,  1.2416e-04,  5.0900e-05,  ...,  7.4054e-04,
           4.9755e-04,  8.7689e-04],
         [ 5.9186e-04,  7.4235e-04,  2.4274e-04,  ...,  1.2416e-04,
           5.0900e-05,  5.8239e-04]]], grad_fn=<ViewBackward0>)torch.Size([564, 27, 128])
