INFO:root:ARGS: {'datadir': 'tests/processed_data/sparse_mini', 'modeldir': 'tests/models', 'outdir': 'tests/results', 'resname': 'dplosstest', 'norm': False, 'batchsize': '10', 'batchlength': '128', 'numembed': '1024', 'embeddim': '128', 'lossfunc': 'dyn', 'quant': True, 'loglevel': 'INFO', 'sparse': True}
INFO:root:Model will be saved to: tests/models/model_dplosstest-2022-03-28-4.pt
INFO:root:Device: cpu
INFO:root:NEW MAX BATCH SIZE: 10862592
INFO:root:MIDI VECTOR QUANTIZER FORWARD PASS
INFO:root:tensor([[[-2.4363e-04,  5.7610e-05, -5.2952e-04,  ..., -4.4922e-04,
           7.4613e-04, -2.1262e-04],
         [-2.4363e-04,  5.7610e-05, -5.2952e-04,  ..., -4.4922e-04,
           7.4613e-04, -2.1262e-04],
         [-2.4363e-04,  5.7610e-05, -5.2952e-04,  ..., -4.4922e-04,
           7.4613e-04, -2.1262e-04],
         ...,
         [-2.4363e-04,  5.7610e-05, -5.2952e-04,  ..., -4.4922e-04,
           7.4613e-04, -2.1262e-04],
         [-2.4363e-04,  5.7610e-05, -5.2952e-04,  ..., -4.4922e-04,
           7.4613e-04, -2.1262e-04],
         [-2.4363e-04,  5.7610e-05, -5.2952e-04,  ..., -4.4922e-04,
           7.4613e-04, -2.1262e-04]],

        [[-2.4363e-04,  5.7610e-05, -5.2952e-04,  ..., -4.4922e-04,
           7.4613e-04, -2.1262e-04],
         [-2.4363e-04,  5.7610e-05, -5.2952e-04,  ..., -4.4922e-04,
           7.4613e-04, -2.1262e-04],
         [-2.4363e-04,  5.7610e-05, -5.2952e-04,  ..., -4.4922e-04,
           7.4613e-04, -2.1262e-04],
         ...,
         [-2.4363e-04,  5.7610e-05, -5.2952e-04,  ..., -4.4922e-04,
           7.4613e-04, -2.1262e-04],
         [-2.4363e-04,  5.7610e-05, -5.2952e-04,  ..., -4.4922e-04,
           7.4613e-04, -2.1262e-04],
         [-2.4363e-04,  5.7610e-05, -5.2952e-04,  ..., -4.4922e-04,
           7.4613e-04, -2.1262e-04]],

        [[-2.4363e-04,  5.7610e-05, -5.2952e-04,  ..., -4.4922e-04,
           7.4613e-04, -2.1262e-04],
         [-2.4363e-04,  5.7610e-05, -5.2952e-04,  ..., -4.4922e-04,
           7.4613e-04, -2.1262e-04],
         [-2.4363e-04,  5.7610e-05, -5.2952e-04,  ..., -4.4922e-04,
           7.4613e-04, -2.1262e-04],
         ...,
         [-2.4363e-04,  5.7610e-05, -5.2952e-04,  ..., -4.4922e-04,
           7.4613e-04, -2.1262e-04],
         [-2.4363e-04,  5.7610e-05, -5.2952e-04,  ..., -4.4922e-04,
           7.4613e-04, -2.1262e-04],
         [-2.4363e-04,  5.7610e-05, -5.2952e-04,  ..., -4.4922e-04,
           7.4613e-04, -2.1262e-04]],

        ...,

        [[-2.4363e-04,  5.7610e-05, -5.2952e-04,  ..., -4.4922e-04,
           7.4613e-04, -2.1262e-04],
         [-2.4363e-04,  5.7610e-05, -5.2952e-04,  ..., -4.4922e-04,
           7.4613e-04, -2.1262e-04],
         [-2.4363e-04,  5.7610e-05, -5.2952e-04,  ..., -4.4922e-04,
           7.4613e-04, -2.1262e-04],
         ...,
         [-2.4363e-04,  5.7610e-05, -5.2952e-04,  ..., -4.4922e-04,
           7.4613e-04, -2.1262e-04],
         [-2.4363e-04,  5.7610e-05, -5.2952e-04,  ..., -4.4922e-04,
           7.4613e-04, -2.1262e-04],
         [-2.4363e-04,  5.7610e-05, -5.2952e-04,  ..., -4.4922e-04,
           7.4613e-04, -2.1262e-04]],

        [[-2.4363e-04,  5.7610e-05, -5.2952e-04,  ..., -4.4922e-04,
           7.4613e-04, -2.1262e-04],
         [-2.4363e-04,  5.7610e-05, -5.2952e-04,  ..., -4.4922e-04,
           7.4613e-04, -2.1262e-04],
         [-2.4363e-04,  5.7610e-05, -5.2952e-04,  ..., -4.4922e-04,
           7.4613e-04, -2.1262e-04],
         ...,
         [-2.4363e-04,  5.7610e-05, -5.2952e-04,  ..., -4.4922e-04,
           7.4613e-04, -2.1262e-04],
         [-2.4363e-04,  5.7610e-05, -5.2952e-04,  ..., -4.4922e-04,
           7.4613e-04, -2.1262e-04],
         [-2.4363e-04,  5.7610e-05, -5.2952e-04,  ..., -4.4922e-04,
           7.4613e-04, -2.1262e-04]],

        [[-2.4363e-04,  5.7610e-05, -5.2952e-04,  ..., -4.4922e-04,
           7.4613e-04, -2.1262e-04],
         [-2.4363e-04,  5.7610e-05, -5.2952e-04,  ..., -4.4922e-04,
           7.4613e-04, -2.1262e-04],
         [-2.4363e-04,  5.7610e-05, -5.2952e-04,  ..., -4.4922e-04,
           7.4613e-04, -2.1262e-04],
         ...,
         [-2.4363e-04,  5.7610e-05, -5.2952e-04,  ..., -4.4922e-04,
           7.4613e-04, -2.1262e-04],
         [-2.4363e-04,  5.7610e-05, -5.2952e-04,  ..., -4.4922e-04,
           7.4613e-04, -2.1262e-04],
         [-2.4363e-04,  5.7610e-05, -5.2952e-04,  ..., -4.4922e-04,
           7.4613e-04, -2.1262e-04]]], grad_fn=<ViewBackward0>)torch.Size([663, 27, 128])
