INFO:root:ARGS: {'datadir': 'tests/processed_data/sparse_mini', 'modeldir': 'tests/models', 'outdir': 'tests/results', 'resname': 'dplosstest', 'norm': False, 'batchsize': '10', 'batchlength': '128', 'numembed': '1024', 'embeddim': '128', 'lossfunc': 'dyn', 'quant': True, 'loglevel': 'INFO', 'sparse': True}
INFO:root:Model will be saved to: tests/models/model_dplosstest-2022-03-28-5.pt
INFO:root:Device: cpu
INFO:root:NEW MAX BATCH SIZE: 10862592
INFO:root:MIDI VECTOR QUANTIZER FORWARD PASS
INFO:root:tensor([[[ 9.4103e-05,  8.5311e-04,  1.4471e-04,  ...,  1.4234e-04,
          -4.2099e-04,  8.3668e-04],
         [ 6.4515e-04, -4.1048e-04, -4.5154e-04,  ...,  4.0178e-06,
           7.9714e-04,  3.0024e-05],
         [ 6.7023e-04,  4.0878e-04,  2.7926e-04,  ...,  3.5320e-04,
          -8.4863e-04,  6.5929e-04],
         ...,
         [-7.8797e-04,  7.2326e-04, -7.0185e-04,  ..., -8.2359e-04,
          -7.5936e-04,  7.5991e-05],
         [-7.8797e-04,  7.2326e-04, -7.0185e-04,  ..., -8.2359e-04,
          -7.5936e-04,  7.5991e-05],
         [ 6.4515e-04, -4.1048e-04, -4.5154e-04,  ...,  4.0178e-06,
           7.9714e-04,  3.0024e-05]],

        [[-9.3299e-04,  1.3898e-04,  9.3749e-04,  ..., -2.1551e-04,
          -6.2636e-04, -3.6676e-04],
         [-1.5446e-05,  5.3423e-04,  6.4934e-04,  ..., -6.2845e-04,
          -7.9752e-05,  7.2547e-04],
         [-1.1345e-04,  7.7326e-04,  4.6134e-04,  ...,  2.2916e-04,
          -7.7216e-04, -3.6715e-04],
         ...,
         [ 9.2181e-04,  6.5223e-05, -7.5141e-04,  ...,  8.8397e-04,
           8.7631e-04, -3.5223e-04],
         [ 6.4515e-04, -4.1048e-04, -4.5154e-04,  ...,  4.0178e-06,
           7.9714e-04,  3.0024e-05],
         [ 6.1932e-04,  5.2716e-04, -3.8438e-04,  ..., -3.5307e-04,
           4.2649e-04, -3.1527e-05]],

        [[ 6.4515e-04, -4.1048e-04, -4.5154e-04,  ...,  4.0178e-06,
           7.9714e-04,  3.0024e-05],
         [ 6.4515e-04, -4.1048e-04, -4.5154e-04,  ...,  4.0178e-06,
           7.9714e-04,  3.0024e-05],
         [ 6.4515e-04, -4.1048e-04, -4.5154e-04,  ...,  4.0178e-06,
           7.9714e-04,  3.0024e-05],
         ...,
         [ 6.4515e-04, -4.1048e-04, -4.5154e-04,  ...,  4.0178e-06,
           7.9714e-04,  3.0024e-05],
         [ 6.4515e-04, -4.1048e-04, -4.5154e-04,  ...,  4.0178e-06,
           7.9714e-04,  3.0024e-05],
         [ 6.4515e-04, -4.1048e-04, -4.5154e-04,  ...,  4.0178e-06,
           7.9714e-04,  3.0024e-05]],

        ...,

        [[ 6.4515e-04, -4.1048e-04, -4.5154e-04,  ...,  4.0178e-06,
           7.9714e-04,  3.0024e-05],
         [ 6.4515e-04, -4.1048e-04, -4.5154e-04,  ...,  4.0178e-06,
           7.9714e-04,  3.0024e-05],
         [ 6.4515e-04, -4.1048e-04, -4.5154e-04,  ...,  4.0178e-06,
           7.9714e-04,  3.0024e-05],
         ...,
         [ 6.4515e-04, -4.1048e-04, -4.5154e-04,  ...,  4.0178e-06,
           7.9714e-04,  3.0024e-05],
         [ 6.4515e-04, -4.1048e-04, -4.5154e-04,  ...,  4.0178e-06,
           7.9714e-04,  3.0024e-05],
         [ 6.4515e-04, -4.1048e-04, -4.5154e-04,  ...,  4.0178e-06,
           7.9714e-04,  3.0024e-05]],

        [[ 6.4515e-04, -4.1048e-04, -4.5154e-04,  ...,  4.0178e-06,
           7.9714e-04,  3.0024e-05],
         [ 6.4515e-04, -4.1048e-04, -4.5154e-04,  ...,  4.0178e-06,
           7.9714e-04,  3.0024e-05],
         [ 9.4103e-05,  8.5311e-04,  1.4471e-04,  ...,  1.4234e-04,
          -4.2099e-04,  8.3668e-04],
         ...,
         [ 9.4103e-05,  8.5311e-04,  1.4471e-04,  ...,  1.4234e-04,
          -4.2099e-04,  8.3668e-04],
         [ 9.4103e-05,  8.5311e-04,  1.4471e-04,  ...,  1.4234e-04,
          -4.2099e-04,  8.3668e-04],
         [ 6.4515e-04, -4.1048e-04, -4.5154e-04,  ...,  4.0178e-06,
           7.9714e-04,  3.0024e-05]],

        [[ 6.4515e-04, -4.1048e-04, -4.5154e-04,  ...,  4.0178e-06,
           7.9714e-04,  3.0024e-05],
         [ 6.4515e-04, -4.1048e-04, -4.5154e-04,  ...,  4.0178e-06,
           7.9714e-04,  3.0024e-05],
         [ 6.4515e-04, -4.1048e-04, -4.5154e-04,  ...,  4.0178e-06,
           7.9714e-04,  3.0024e-05],
         ...,
         [ 6.4515e-04, -4.1048e-04, -4.5154e-04,  ...,  4.0178e-06,
           7.9714e-04,  3.0024e-05],
         [ 6.4515e-04, -4.1048e-04, -4.5154e-04,  ...,  4.0178e-06,
           7.9714e-04,  3.0024e-05],
         [ 6.4515e-04, -4.1048e-04, -4.5154e-04,  ...,  4.0178e-06,
           7.9714e-04,  3.0024e-05]]], grad_fn=<ViewBackward0>)torch.Size([663, 27, 128])
