INFO:root:ARGS: {'datadir': 'tests/processed_data/sparse_mini', 'modeldir': 'tests/models', 'outdir': 'tests/results', 'resname': 'dplosstest', 'norm': False, 'batchsize': '10', 'batchlength': '128', 'numembed': '1024', 'embeddim': '128', 'lossfunc': 'dyn', 'quant': True, 'loglevel': 'INFO', 'sparse': True}
INFO:root:Model will be saved to: tests/models/model_dplosstest-2022-03-28-7.pt
INFO:root:Device: cpu
INFO:root:NEW MAX BATCH SIZE: 10125312
INFO:root:MIDI VECTOR QUANTIZER FORWARD PASS
INFO:root:tensor([[[ 7.7387e-04, -9.6953e-04,  4.9988e-04,  ..., -5.1304e-04,
          -7.0554e-04, -6.6151e-04],
         [-8.2681e-04, -9.0095e-04, -5.5767e-04,  ...,  9.4624e-04,
           6.1115e-04, -4.0116e-04],
         [ 5.9712e-04,  5.0640e-04, -1.1389e-04,  ..., -8.6141e-04,
          -1.6819e-04, -9.8824e-06],
         ...,
         [-8.2681e-04, -9.0095e-04, -5.5767e-04,  ...,  9.4624e-04,
           6.1115e-04, -4.0116e-04],
         [-8.4894e-04,  1.2136e-04, -7.1599e-04,  ..., -7.8591e-04,
          -5.1825e-04,  3.6880e-04],
         [-8.2681e-04, -9.0095e-04, -5.5767e-04,  ...,  9.4624e-04,
           6.1115e-04, -4.0116e-04]],

        [[ 7.7387e-04, -9.6953e-04,  4.9988e-04,  ..., -5.1304e-04,
          -7.0554e-04, -6.6151e-04],
         [ 6.7476e-04,  3.2519e-04, -2.0856e-04,  ..., -7.4393e-04,
          -9.1355e-04,  3.3942e-04],
         [ 6.7476e-04,  3.2519e-04, -2.0856e-04,  ..., -7.4393e-04,
          -9.1355e-04,  3.3942e-04],
         ...,
         [ 6.7476e-04,  3.2519e-04, -2.0856e-04,  ..., -7.4393e-04,
          -9.1355e-04,  3.3942e-04],
         [ 6.7476e-04,  3.2519e-04, -2.0856e-04,  ..., -7.4393e-04,
          -9.1355e-04,  3.3942e-04],
         [ 6.7476e-04,  3.2519e-04, -2.0856e-04,  ..., -7.4393e-04,
          -9.1355e-04,  3.3942e-04]],

        [[ 6.7476e-04,  3.2519e-04, -2.0856e-04,  ..., -7.4393e-04,
          -9.1355e-04,  3.3942e-04],
         [ 6.7476e-04,  3.2519e-04, -2.0856e-04,  ..., -7.4393e-04,
          -9.1355e-04,  3.3942e-04],
         [ 6.7476e-04,  3.2519e-04, -2.0856e-04,  ..., -7.4393e-04,
          -9.1355e-04,  3.3942e-04],
         ...,
         [ 6.7476e-04,  3.2519e-04, -2.0856e-04,  ..., -7.4393e-04,
          -9.1355e-04,  3.3942e-04],
         [ 6.7476e-04,  3.2519e-04, -2.0856e-04,  ..., -7.4393e-04,
          -9.1355e-04,  3.3942e-04],
         [ 6.7476e-04,  3.2519e-04, -2.0856e-04,  ..., -7.4393e-04,
          -9.1355e-04,  3.3942e-04]],

        ...,

        [[ 8.2914e-04, -8.6746e-04,  1.1526e-04,  ..., -9.1271e-04,
          -9.1084e-04,  9.0788e-04],
         [-3.1516e-04, -3.3439e-04, -6.8018e-04,  ...,  2.2125e-04,
           2.3180e-04,  1.8501e-04],
         [-6.3077e-04, -2.3106e-05, -3.1580e-04,  ...,  8.9003e-04,
           1.3952e-04,  5.4866e-04],
         ...,
         [ 6.7476e-04,  3.2519e-04, -2.0856e-04,  ..., -7.4393e-04,
          -9.1355e-04,  3.3942e-04],
         [ 5.9712e-04,  5.0640e-04, -1.1389e-04,  ..., -8.6141e-04,
          -1.6819e-04, -9.8824e-06],
         [ 5.9712e-04,  5.0640e-04, -1.1389e-04,  ..., -8.6141e-04,
          -1.6819e-04, -9.8824e-06]],

        [[-6.0991e-04, -5.1416e-06, -5.9084e-04,  ..., -9.5324e-04,
          -1.9242e-04, -9.4105e-04],
         [ 6.5217e-04, -8.9743e-04,  5.2615e-04,  ..., -7.2716e-04,
          -4.9209e-04, -8.2778e-04],
         [-2.1700e-04, -6.4049e-04,  2.9594e-04,  ..., -6.7496e-04,
          -5.0667e-04, -2.1200e-04],
         ...,
         [-4.6269e-04, -9.4535e-04,  1.6857e-04,  ..., -7.6016e-04,
          -6.5670e-04, -4.3587e-04],
         [-2.1700e-04, -6.4049e-04,  2.9594e-04,  ..., -6.7496e-04,
          -5.0667e-04, -2.1200e-04],
         [-4.6269e-04, -9.4535e-04,  1.6857e-04,  ..., -7.6016e-04,
          -6.5670e-04, -4.3587e-04]],

        [[ 6.7476e-04,  3.2519e-04, -2.0856e-04,  ..., -7.4393e-04,
          -9.1355e-04,  3.3942e-04],
         [ 6.7476e-04,  3.2519e-04, -2.0856e-04,  ..., -7.4393e-04,
          -9.1355e-04,  3.3942e-04],
         [ 6.7476e-04,  3.2519e-04, -2.0856e-04,  ..., -7.4393e-04,
          -9.1355e-04,  3.3942e-04],
         ...,
         [ 6.7476e-04,  3.2519e-04, -2.0856e-04,  ..., -7.4393e-04,
          -9.1355e-04,  3.3942e-04],
         [ 6.7476e-04,  3.2519e-04, -2.0856e-04,  ..., -7.4393e-04,
          -9.1355e-04,  3.3942e-04],
         [ 6.7476e-04,  3.2519e-04, -2.0856e-04,  ..., -7.4393e-04,
          -9.1355e-04,  3.3942e-04]]], grad_fn=<ViewBackward0>)torch.Size([618, 27, 128])
