INFO:root:ARGS: {'datadir': '.\\tests\\processed_data\\sparse\\', 'modeldir': '.\\tests\\models\\', 'outdir': '.\\tests\\results\\', 'resname': 'mse_test', 'norm': False, 'batchsize': 10, 'lossfunc': 'mse', 'quant': True, 'loglevel': 'INFO', 'sparse': True}
INFO:root:Model will be saved to: .\tests\models\/model_mse_test-2022-01-287.pt
INFO:root:Device: cpu
INFO:root:NEW MAX BATCH SIZE: 11403264
INFO:root:MIDI VECTOR QUANTIZER FORWARD PASS
INFO:root:tensor([[[ 6.6169e-04,  3.1070e-05,  8.0860e-04,  ...,  4.5016e-04,
          -2.4779e-04,  4.8622e-04],
         [ 6.6169e-04,  3.1070e-05,  8.0860e-04,  ...,  4.5016e-04,
          -2.4779e-04,  4.8622e-04],
         [ 6.6169e-04,  3.1070e-05,  8.0860e-04,  ...,  4.5016e-04,
          -2.4779e-04,  4.8622e-04],
         ...,
         [ 6.6169e-04,  3.1070e-05,  8.0860e-04,  ...,  4.5016e-04,
          -2.4779e-04,  4.8622e-04],
         [ 6.6169e-04,  3.1070e-05,  8.0860e-04,  ...,  4.5016e-04,
          -2.4779e-04,  4.8622e-04],
         [ 6.6169e-04,  3.1070e-05,  8.0860e-04,  ...,  4.5016e-04,
          -2.4779e-04,  4.8622e-04]],

        [[ 6.6169e-04,  3.1070e-05,  8.0860e-04,  ...,  4.5016e-04,
          -2.4779e-04,  4.8622e-04],
         [ 6.6169e-04,  3.1070e-05,  8.0860e-04,  ...,  4.5016e-04,
          -2.4779e-04,  4.8622e-04],
         [ 6.6169e-04,  3.1070e-05,  8.0860e-04,  ...,  4.5016e-04,
          -2.4779e-04,  4.8622e-04],
         ...,
         [ 6.6169e-04,  3.1070e-05,  8.0860e-04,  ...,  4.5016e-04,
          -2.4779e-04,  4.8622e-04],
         [ 6.6169e-04,  3.1070e-05,  8.0860e-04,  ...,  4.5016e-04,
          -2.4779e-04,  4.8622e-04],
         [ 6.6169e-04,  3.1070e-05,  8.0860e-04,  ...,  4.5016e-04,
          -2.4779e-04,  4.8622e-04]],

        [[ 6.6169e-04,  3.1070e-05,  8.0860e-04,  ...,  4.5016e-04,
          -2.4779e-04,  4.8622e-04],
         [ 6.6169e-04,  3.1070e-05,  8.0860e-04,  ...,  4.5016e-04,
          -2.4779e-04,  4.8622e-04],
         [ 6.6169e-04,  3.1070e-05,  8.0860e-04,  ...,  4.5016e-04,
          -2.4779e-04,  4.8622e-04],
         ...,
         [ 6.6169e-04,  3.1070e-05,  8.0860e-04,  ...,  4.5016e-04,
          -2.4779e-04,  4.8622e-04],
         [ 6.6169e-04,  3.1070e-05,  8.0860e-04,  ...,  4.5016e-04,
          -2.4779e-04,  4.8622e-04],
         [ 6.6169e-04,  3.1070e-05,  8.0860e-04,  ...,  4.5016e-04,
          -2.4779e-04,  4.8622e-04]],

        ...,

        [[ 6.6169e-04,  3.1070e-05,  8.0860e-04,  ...,  4.5016e-04,
          -2.4779e-04,  4.8622e-04],
         [ 6.6169e-04,  3.1070e-05,  8.0860e-04,  ...,  4.5016e-04,
          -2.4779e-04,  4.8622e-04],
         [ 6.6169e-04,  3.1070e-05,  8.0860e-04,  ...,  4.5016e-04,
          -2.4779e-04,  4.8622e-04],
         ...,
         [ 6.6169e-04,  3.1070e-05,  8.0860e-04,  ...,  4.5016e-04,
          -2.4779e-04,  4.8622e-04],
         [ 6.6169e-04,  3.1070e-05,  8.0860e-04,  ...,  4.5016e-04,
          -2.4779e-04,  4.8622e-04],
         [ 6.6169e-04,  3.1070e-05,  8.0860e-04,  ...,  4.5016e-04,
          -2.4779e-04,  4.8622e-04]],

        [[ 6.6169e-04,  3.1070e-05,  8.0860e-04,  ...,  4.5016e-04,
          -2.4779e-04,  4.8622e-04],
         [ 6.6169e-04,  3.1070e-05,  8.0860e-04,  ...,  4.5016e-04,
          -2.4779e-04,  4.8622e-04],
         [ 6.6169e-04,  3.1070e-05,  8.0860e-04,  ...,  4.5016e-04,
          -2.4779e-04,  4.8622e-04],
         ...,
         [ 6.6169e-04,  3.1070e-05,  8.0860e-04,  ...,  4.5016e-04,
          -2.4779e-04,  4.8622e-04],
         [ 6.6169e-04,  3.1070e-05,  8.0860e-04,  ...,  4.5016e-04,
          -2.4779e-04,  4.8622e-04],
         [ 6.6169e-04,  3.1070e-05,  8.0860e-04,  ...,  4.5016e-04,
          -2.4779e-04,  4.8622e-04]],

        [[ 6.6169e-04,  3.1070e-05,  8.0860e-04,  ...,  4.5016e-04,
          -2.4779e-04,  4.8622e-04],
         [ 6.6169e-04,  3.1070e-05,  8.0860e-04,  ...,  4.5016e-04,
          -2.4779e-04,  4.8622e-04],
         [ 6.6169e-04,  3.1070e-05,  8.0860e-04,  ...,  4.5016e-04,
          -2.4779e-04,  4.8622e-04],
         ...,
         [ 6.6169e-04,  3.1070e-05,  8.0860e-04,  ...,  4.5016e-04,
          -2.4779e-04,  4.8622e-04],
         [ 6.6169e-04,  3.1070e-05,  8.0860e-04,  ...,  4.5016e-04,
          -2.4779e-04,  4.8622e-04],
         [ 6.6169e-04,  3.1070e-05,  8.0860e-04,  ...,  4.5016e-04,
          -2.4779e-04,  4.8622e-04]]], grad_fn=<ViewBackward>)torch.Size([87, 923, 128])
